<?xml version="1.0" encoding="UTF-8"?>
<testsuite name="mantis.tests.SoapTests" tests="2" skipped="0" failures="0" errors="0" timestamp="2020-04-08T23:02:08" hostname="LAPTOP-7JK8B82K" time="0.719">
  <properties/>
  <testcase name="testCreateIssue" classname="mantis.tests.SoapTests" time="0.64"/>
  <testcase name="testGetProjects" classname="mantis.tests.SoapTests" time="0.079"/>
  <system-out><![CDATA[]]></system-out>
  <system-err><![CDATA[]]></system-err>
</testsuite>
