<?xml version="1.0" encoding="UTF-8"?>
<testsuite name="ru.stqa.pft.adressbook.tests.GroupCreationsTest" tests="3" skipped="0" failures="0" errors="0" timestamp="2020-03-21T20:12:21" hostname="LAPTOP-7JK8B82K" time="4.041">
  <properties/>
  <testcase name="testGroupCreations[0](GroupData{id='2147483647', name='test 0'})" classname="ru.stqa.pft.adressbook.tests.GroupCreationsTest" time="1.455"/>
  <testcase name="testGroupCreations[1](GroupData{id='2147483647', name='test 1'})" classname="ru.stqa.pft.adressbook.tests.GroupCreationsTest" time="1.298"/>
  <testcase name="testGroupCreations[2](GroupData{id='2147483647', name='test 2'})" classname="ru.stqa.pft.adressbook.tests.GroupCreationsTest" time="1.286"/>
  <system-out><![CDATA[]]></system-out>
  <system-err><![CDATA[]]></system-err>
</testsuite>
