<?xml version="1.0" encoding="UTF-8"?>
<testsuite name="ru.stqa.pft.adressbook.tests.GroupDeletionTests" tests="1" skipped="0" failures="0" errors="0" timestamp="2020-03-21T20:12:26" hostname="LAPTOP-7JK8B82K" time="0.584">
  <properties/>
  <testcase name="testGroupDeletionTests" classname="ru.stqa.pft.adressbook.tests.GroupDeletionTests" time="0.584"/>
  <system-out><![CDATA[]]></system-out>
  <system-err><![CDATA[]]></system-err>
</testsuite>
