<?xml version="1.0" encoding="UTF-8"?>
<testsuite name="ru.stqa.pft.adressbook.tests.ContactModificationTests" tests="1" skipped="0" failures="0" errors="0" timestamp="2020-03-21T20:13:16" hostname="LAPTOP-7JK8B82K" time="6.715">
  <properties/>
  <testcase name="testContactModification" classname="ru.stqa.pft.adressbook.tests.ContactModificationTests" time="6.715"/>
  <system-out><![CDATA[]]></system-out>
  <system-err><![CDATA[]]></system-err>
</testsuite>
