<?xml version="1.0" encoding="UTF-8"?>
<testsuite name="ru.stqa.pft.adressbook.tests.ContactEmailTests" tests="1" skipped="0" failures="0" errors="0" timestamp="2020-03-21T20:13:22" hostname="LAPTOP-7JK8B82K" time="0.571">
  <properties/>
  <testcase name="testContactEmails" classname="ru.stqa.pft.adressbook.tests.ContactEmailTests" time="0.571"/>
  <system-out><![CDATA[]]></system-out>
  <system-err><![CDATA[]]></system-err>
</testsuite>
