<?xml version="1.0" encoding="UTF-8"?>
<testsuite name="ru.stqa.pft.adressbook.tests.ContactAddressTests" tests="1" skipped="0" failures="0" errors="0" timestamp="2020-03-21T20:13:23" hostname="LAPTOP-7JK8B82K" time="0.594">
  <properties/>
  <testcase name="testContactAddress" classname="ru.stqa.pft.adressbook.tests.ContactAddressTests" time="0.594"/>
  <system-out><![CDATA[]]></system-out>
  <system-err><![CDATA[]]></system-err>
</testsuite>
