<?xml version="1.0" encoding="UTF-8"?>
<testsuite name="RestTests" tests="1" skipped="0" failures="0" errors="0" timestamp="2020-04-12T20:34:22" hostname="LAPTOP-7JK8B82K" time="5.538">
  <properties/>
  <testcase name="testCreateIssue" classname="RestTests" time="5.538"/>
  <system-out><![CDATA[]]></system-out>
  <system-err><![CDATA[]]></system-err>
</testsuite>
