<?xml version="1.0" encoding="UTF-8"?>
<testsuite name="ShoppingCartTest" tests="1" skipped="0" failures="0" errors="0" timestamp="2020-03-27T11:14:57" hostname="LAPTOP-7JK8B82K" time="11.276">
  <properties/>
  <testcase name="testShoppingCart" classname="ShoppingCartTest" time="11.276"/>
  <system-out><![CDATA[]]></system-out>
  <system-err><![CDATA[SLF4J: Failed to load class "org.slf4j.impl.StaticLoggerBinder".
SLF4J: Defaulting to no-operation (NOP) logger implementation
SLF4J: See http://www.slf4j.org/codes.html#StaticLoggerBinder for further details.
Starting ChromeDriver 80.0.3987.106 (f68069574609230cf9b635cd784cfb1bf81bb53a-refs/branch-heads/3987@{#882}) on port 10209
Only local connections are allowed.
Please protect ports used by ChromeDriver and related test frameworks to prevent access by malicious code.
Mar 27, 2020 12:14:57 PM org.openqa.selenium.remote.ProtocolHandshake createSession
INFO: Detected dialect: W3C
[1585307698.432][SEVERE]: Timed out receiving message from renderer: 0.100
[1585307698.732][SEVERE]: Timed out receiving message from renderer: 0.100
[1585307698.884][SEVERE]: Timed out receiving message from renderer: 0.100
[1585307698.985][SEVERE]: Timed out receiving message from renderer: 0.100
[1585307700.798][SEVERE]: Timed out receiving message from renderer: 0.100
[1585307700.899][SEVERE]: Timed out receiving message from renderer: 0.100
[1585307701.000][SEVERE]: Timed out receiving message from renderer: 0.100
[1585307701.106][SEVERE]: Timed out receiving message from renderer: 0.100
[1585307702.052][SEVERE]: Timed out receiving message from renderer: 0.100
[1585307702.154][SEVERE]: Timed out receiving message from renderer: 0.100
[1585307702.255][SEVERE]: Timed out receiving message from renderer: 0.100
[1585307702.356][SEVERE]: Timed out receiving message from renderer: 0.100
[1585307702.458][SEVERE]: Timed out receiving message from renderer: 0.100
[1585307702.560][SEVERE]: Timed out receiving message from renderer: 0.100
[1585307702.662][SEVERE]: Timed out receiving message from renderer: 0.100
[1585307702.763][SEVERE]: Timed out receiving message from renderer: 0.100
[1585307702.865][SEVERE]: Timed out receiving message from renderer: 0.100
[1585307702.966][SEVERE]: Timed out receiving message from renderer: 0.100
[1585307703.068][SEVERE]: Timed out receiving message from renderer: 0.100
[1585307703.170][SEVERE]: Timed out receiving message from renderer: 0.100
[1585307703.271][SEVERE]: Timed out receiving message from renderer: 0.100
[1585307703.372][SEVERE]: Timed out receiving message from renderer: 0.100
[1585307703.474][SEVERE]: Timed out receiving message from renderer: 0.100
[1585307703.575][SEVERE]: Timed out receiving message from renderer: 0.100
[1585307703.676][SEVERE]: Timed out receiving message from renderer: 0.100
[1585307704.001][SEVERE]: Timed out receiving message from renderer: 0.100
[1585307705.883][SEVERE]: Timed out receiving message from renderer: 0.100
[1585307707.000][SEVERE]: Timed out receiving message from renderer: 0.100
[1585307707.102][SEVERE]: Timed out receiving message from renderer: 0.100
[1585307707.204][SEVERE]: Timed out receiving message from renderer: 0.100
[1585307707.305][SEVERE]: Timed out receiving message from renderer: 0.100
[1585307707.406][SEVERE]: Timed out receiving message from renderer: 0.100
[1585307707.507][SEVERE]: Timed out receiving message from renderer: 0.100
[1585307707.609][SEVERE]: Timed out receiving message from renderer: 0.100
[1585307707.711][SEVERE]: Timed out receiving message from renderer: 0.100
[1585307707.812][SEVERE]: Timed out receiving message from renderer: 0.100
[1585307707.913][SEVERE]: Timed out receiving message from renderer: 0.100
[1585307708.232][SEVERE]: Timed out receiving message from renderer: 0.100
]]></system-err>
</testsuite>
