<?xml version="1.0" encoding="UTF-8"?>
<testsuite name="ru.stqa.pft.adressbook.tests.ContactModificationTests" tests="1" skipped="0" failures="1" errors="0" timestamp="2020-03-25T21:53:27" hostname="LAPTOP-7JK8B82K" time="2.365">
  <properties/>
  <testcase name="testContactModification" classname="ru.stqa.pft.adressbook.tests.ContactModificationTests" time="2.365">
    <failure message="java.lang.AssertionError: &#13;&#10;Expected: &lt;[ContactData{id=141, firstname='test1', lastname='test2'}]&gt;&#13;&#10;     but: was &lt;[ContactData{id=141, firstname='test1', lastname='test2'}]&gt;" type="java.lang.AssertionError">java.lang.AssertionError: 
Expected: &lt;[ContactData{id=141, firstname='test1', lastname='test2'}]&gt;
     but: was &lt;[ContactData{id=141, firstname='test1', lastname='test2'}]&gt;
	at org.hamcrest.MatcherAssert.assertThat(MatcherAssert.java:20)
	at org.hamcrest.MatcherAssert.assertThat(MatcherAssert.java:6)
	at ru.stqa.pft.adressbook.tests.ContactModificationTests.testContactModification(ContactModificationTests.java:38)
	at sun.reflect.NativeMethodAccessorImpl.invoke0(Native Method)
	at sun.reflect.NativeMethodAccessorImpl.invoke(NativeMethodAccessorImpl.java:62)
	at sun.reflect.DelegatingMethodAccessorImpl.invoke(DelegatingMethodAccessorImpl.java:43)
	at java.lang.reflect.Method.invoke(Method.java:498)
	at org.testng.internal.MethodInvocationHelper.invokeMethod(MethodInvocationHelper.java:134)
	at org.testng.internal.TestInvoker.invokeMethod(TestInvoker.java:597)
	at org.testng.internal.TestInvoker.invokeTestMethod(TestInvoker.java:173)
	at org.testng.internal.MethodRunner.runInSequence(MethodRunner.java:46)
	at org.testng.internal.TestInvoker$MethodInvocationAgent.invoke(TestInvoker.java:816)
	at org.testng.internal.TestInvoker.invokeTestMethods(TestInvoker.java:146)
	at org.testng.internal.TestMethodWorker.invokeTestMethods(TestMethodWorker.java:146)
	at org.testng.internal.TestMethodWorker.run(TestMethodWorker.java:128)
	at java.util.ArrayList.forEach(ArrayList.java:1257)
	at org.testng.TestRunner.privateRun(TestRunner.java:766)
	at org.testng.TestRunner.run(TestRunner.java:587)
	at org.testng.SuiteRunner.runTest(SuiteRunner.java:384)
	at org.testng.SuiteRunner.runSequentially(SuiteRunner.java:378)
	at org.testng.SuiteRunner.privateRun(SuiteRunner.java:337)
	at org.testng.SuiteRunner.run(SuiteRunner.java:286)
	at org.testng.SuiteRunnerWorker.runSuite(SuiteRunnerWorker.java:53)
	at org.testng.SuiteRunnerWorker.run(SuiteRunnerWorker.java:96)
	at org.testng.TestNG.runSuitesSequentially(TestNG.java:1187)
	at org.testng.TestNG.runSuitesLocally(TestNG.java:1109)
	at org.testng.TestNG.runSuites(TestNG.java:1039)
	at org.testng.TestNG.run(TestNG.java:1007)
	at org.gradle.api.internal.tasks.testing.testng.TestNGTestClassProcessor.runTests(TestNGTestClassProcessor.java:141)
	at org.gradle.api.internal.tasks.testing.testng.TestNGTestClassProcessor.stop(TestNGTestClassProcessor.java:90)
	at org.gradle.api.internal.tasks.testing.SuiteTestClassProcessor.stop(SuiteTestClassProcessor.java:61)
	at sun.reflect.NativeMethodAccessorImpl.invoke0(Native Method)
	at sun.reflect.NativeMethodAccessorImpl.invoke(NativeMethodAccessorImpl.java:62)
	at sun.reflect.DelegatingMethodAccessorImpl.invoke(DelegatingMethodAccessorImpl.java:43)
	at java.lang.reflect.Method.invoke(Method.java:498)
	at org.gradle.internal.dispatch.ReflectionDispatch.dispatch(ReflectionDispatch.java:35)
	at org.gradle.internal.dispatch.ReflectionDispatch.dispatch(ReflectionDispatch.java:24)
	at org.gradle.internal.dispatch.ContextClassLoaderDispatch.dispatch(ContextClassLoaderDispatch.java:32)
	at org.gradle.internal.dispatch.ProxyDispatchAdapter$DispatchingInvocationHandler.invoke(ProxyDispatchAdapter.java:93)
	at com.sun.proxy.$Proxy2.stop(Unknown Source)
	at org.gradle.api.internal.tasks.testing.worker.TestWorker.stop(TestWorker.java:132)
	at sun.reflect.NativeMethodAccessorImpl.invoke0(Native Method)
	at sun.reflect.NativeMethodAccessorImpl.invoke(NativeMethodAccessorImpl.java:62)
	at sun.reflect.DelegatingMethodAccessorImpl.invoke(DelegatingMethodAccessorImpl.java:43)
	at java.lang.reflect.Method.invoke(Method.java:498)
	at org.gradle.internal.dispatch.ReflectionDispatch.dispatch(ReflectionDispatch.java:35)
	at org.gradle.internal.dispatch.ReflectionDispatch.dispatch(ReflectionDispatch.java:24)
	at org.gradle.internal.remote.internal.hub.MessageHubBackedObjectConnection$DispatchWrapper.dispatch(MessageHubBackedObjectConnection.java:175)
	at org.gradle.internal.remote.internal.hub.MessageHubBackedObjectConnection$DispatchWrapper.dispatch(MessageHubBackedObjectConnection.java:157)
	at org.gradle.internal.remote.internal.hub.MessageHub$Handler.run(MessageHub.java:404)
	at org.gradle.internal.concurrent.ExecutorPolicy$CatchAndRecordFailures.onExecute(ExecutorPolicy.java:63)
	at org.gradle.internal.concurrent.ManagedExecutorImpl$1.run(ManagedExecutorImpl.java:46)
	at java.util.concurrent.ThreadPoolExecutor.runWorker(ThreadPoolExecutor.java:1149)
	at java.util.concurrent.ThreadPoolExecutor$Worker.run(ThreadPoolExecutor.java:624)
	at org.gradle.internal.concurrent.ThreadFactoryImpl$ManagedThreadRunnable.run(ThreadFactoryImpl.java:55)
	at java.lang.Thread.run(Thread.java:748)
</failure>
  </testcase>
  <system-out><![CDATA[22:53:27.766 [Test worker] INFO  r.stqa.pft.adressbook.tests.TestBase - Start test testContactModificationwith parameters []
Hibernate: select contactdat0_.id as id1_0_, contactdat0_.aday as aday2_0_, contactdat0_.address as address3_0_, contactdat0_.address2 as address4_0_, contactdat0_.amonth as amonth5_0_, contactdat0_.ayear as ayear6_0_, contactdat0_.bday as bday7_0_, contactdat0_.bmonth as bmonth8_0_, contactdat0_.byear as byear9_0_, contactdat0_.company as company10_0_, contactdat0_.email as email11_0_, contactdat0_.email2 as email12_0_, contactdat0_.email3 as email13_0_, contactdat0_.fax as fax14_0_, contactdat0_.firstname as firstna15_0_, contactdat0_.homepage as homepag16_0_, contactdat0_.home as home17_0_, contactdat0_.lastname as lastnam18_0_, contactdat0_.middlename as middlen19_0_, contactdat0_.mobile as mobile20_0_, contactdat0_.nickname as nicknam21_0_, contactdat0_.notes as notes22_0_, contactdat0_.photo as photo23_0_, contactdat0_.title as title24_0_, contactdat0_.work as work25_0_ from addressbook contactdat0_ where deprecated='0000-00-00'
Hibernate: select contactdat0_.id as id1_0_, contactdat0_.aday as aday2_0_, contactdat0_.address as address3_0_, contactdat0_.address2 as address4_0_, contactdat0_.amonth as amonth5_0_, contactdat0_.ayear as ayear6_0_, contactdat0_.bday as bday7_0_, contactdat0_.bmonth as bmonth8_0_, contactdat0_.byear as byear9_0_, contactdat0_.company as company10_0_, contactdat0_.email as email11_0_, contactdat0_.email2 as email12_0_, contactdat0_.email3 as email13_0_, contactdat0_.fax as fax14_0_, contactdat0_.firstname as firstna15_0_, contactdat0_.homepage as homepag16_0_, contactdat0_.home as home17_0_, contactdat0_.lastname as lastnam18_0_, contactdat0_.middlename as middlen19_0_, contactdat0_.mobile as mobile20_0_, contactdat0_.nickname as nicknam21_0_, contactdat0_.notes as notes22_0_, contactdat0_.photo as photo23_0_, contactdat0_.title as title24_0_, contactdat0_.work as work25_0_ from addressbook contactdat0_ where deprecated='0000-00-00'
Hibernate: select contactdat0_.id as id1_0_, contactdat0_.aday as aday2_0_, contactdat0_.address as address3_0_, contactdat0_.address2 as address4_0_, contactdat0_.amonth as amonth5_0_, contactdat0_.ayear as ayear6_0_, contactdat0_.bday as bday7_0_, contactdat0_.bmonth as bmonth8_0_, contactdat0_.byear as byear9_0_, contactdat0_.company as company10_0_, contactdat0_.email as email11_0_, contactdat0_.email2 as email12_0_, contactdat0_.email3 as email13_0_, contactdat0_.fax as fax14_0_, contactdat0_.firstname as firstna15_0_, contactdat0_.homepage as homepag16_0_, contactdat0_.home as home17_0_, contactdat0_.lastname as lastnam18_0_, contactdat0_.middlename as middlen19_0_, contactdat0_.mobile as mobile20_0_, contactdat0_.nickname as nicknam21_0_, contactdat0_.notes as notes22_0_, contactdat0_.photo as photo23_0_, contactdat0_.title as title24_0_, contactdat0_.work as work25_0_ from addressbook contactdat0_ where deprecated='0000-00-00'
22:53:30.334 [Test worker] INFO  r.stqa.pft.adressbook.tests.TestBase - Stop test testContactModification
]]></system-out>
  <system-err><![CDATA[]]></system-err>
</testsuite>
