<?xml version="1.0" encoding="UTF-8"?>
<testsuite name="ru.stqa.pft.adressbook.tests.ContactCreationTest" tests="1" skipped="0" failures="0" errors="0" timestamp="2020-03-10T09:45:03" hostname="LAPTOP-7JK8B82K" time="2.371">
  <properties/>
  <testcase name="testContactCreation" classname="ru.stqa.pft.adressbook.tests.ContactCreationTest" time="2.371"/>
  <system-out><![CDATA[]]></system-out>
  <system-err><![CDATA[]]></system-err>
</testsuite>
