<?xml version="1.0" encoding="UTF-8"?>
<testsuite name="ru.stqa.pft.adressbook.tests.ContactCreationTest" tests="1" skipped="0" failures="0" errors="0" timestamp="2020-03-26T11:52:03" hostname="LAPTOP-7JK8B82K" time="3.774">
  <properties/>
  <testcase name="testContactCreation[0](ContactData{id=2147483647, firstname='testName 0', lastname='testLastName 0'})" classname="ru.stqa.pft.adressbook.tests.ContactCreationTest" time="3.774"/>
  <system-out><![CDATA[12:52:03.612 [Test worker] INFO  r.stqa.pft.adressbook.tests.TestBase - Start test testContactCreationwith parameters [ContactData{id=2147483647, firstname='testName 0', lastname='testLastName 0'}]
Hibernate: select contactdat0_.id as id1_0_, contactdat0_.aday as aday2_0_, contactdat0_.address as address3_0_, contactdat0_.address2 as address4_0_, contactdat0_.amonth as amonth5_0_, contactdat0_.ayear as ayear6_0_, contactdat0_.bday as bday7_0_, contactdat0_.bmonth as bmonth8_0_, contactdat0_.byear as byear9_0_, contactdat0_.company as company10_0_, contactdat0_.email as email11_0_, contactdat0_.email2 as email12_0_, contactdat0_.email3 as email13_0_, contactdat0_.fax as fax14_0_, contactdat0_.firstname as firstna15_0_, contactdat0_.homepage as homepag16_0_, contactdat0_.home as home17_0_, contactdat0_.lastname as lastnam18_0_, contactdat0_.middlename as middlen19_0_, contactdat0_.mobile as mobile20_0_, contactdat0_.nickname as nicknam21_0_, contactdat0_.notes as notes22_0_, contactdat0_.photo as photo23_0_, contactdat0_.title as title24_0_, contactdat0_.work as work25_0_ from addressbook contactdat0_ where deprecated='0000-00-00'
Hibernate: select contactdat0_.id as id1_0_, contactdat0_.aday as aday2_0_, contactdat0_.address as address3_0_, contactdat0_.address2 as address4_0_, contactdat0_.amonth as amonth5_0_, contactdat0_.ayear as ayear6_0_, contactdat0_.bday as bday7_0_, contactdat0_.bmonth as bmonth8_0_, contactdat0_.byear as byear9_0_, contactdat0_.company as company10_0_, contactdat0_.email as email11_0_, contactdat0_.email2 as email12_0_, contactdat0_.email3 as email13_0_, contactdat0_.fax as fax14_0_, contactdat0_.firstname as firstna15_0_, contactdat0_.homepage as homepag16_0_, contactdat0_.home as home17_0_, contactdat0_.lastname as lastnam18_0_, contactdat0_.middlename as middlen19_0_, contactdat0_.mobile as mobile20_0_, contactdat0_.nickname as nicknam21_0_, contactdat0_.notes as notes22_0_, contactdat0_.photo as photo23_0_, contactdat0_.title as title24_0_, contactdat0_.work as work25_0_ from addressbook contactdat0_ where deprecated='0000-00-00'
12:52:07.389 [Test worker] INFO  r.stqa.pft.adressbook.tests.TestBase - Stop test testContactCreation
]]></system-out>
  <system-err><![CDATA[]]></system-err>
</testsuite>
