<?xml version="1.0" encoding="UTF-8"?>
<testsuite name="ru.stqa.pft.adressbook.tests.ContactAddressTests" tests="1" skipped="0" failures="0" errors="0" timestamp="2020-03-14T20:34:26" hostname="LAPTOP-7JK8B82K" time="0.63">
  <properties/>
  <testcase name="testContactAddress" classname="ru.stqa.pft.adressbook.tests.ContactAddressTests" time="0.63"/>
  <system-out><![CDATA[]]></system-out>
  <system-err><![CDATA[]]></system-err>
</testsuite>
