<?xml version="1.0" encoding="UTF-8"?>
<testsuite name="ru.stqa.pft.adressbook.tests.GroupCreationsTest" tests="2" skipped="0" failures="0" errors="0" timestamp="2020-03-14T20:34:33" hostname="LAPTOP-7JK8B82K" time="2.034">
  <properties/>
  <testcase name="testBadGroupCreations" classname="ru.stqa.pft.adressbook.tests.GroupCreationsTest" time="1.113"/>
  <testcase name="testGroupCreations" classname="ru.stqa.pft.adressbook.tests.GroupCreationsTest" time="0.92"/>
  <system-out><![CDATA[]]></system-out>
  <system-err><![CDATA[]]></system-err>
</testsuite>
