<?xml version="1.0" encoding="UTF-8"?>
<testsuite name="ru.stqa.pft.adressbook.tests.AttachContactToGroupTest" tests="1" skipped="1" failures="0" errors="0" timestamp="2020-03-30T22:54:21" hostname="LAPTOP-7JK8B82K" time="26.486">
  <properties/>
  <testcase name="attachContactToGroup" classname="ru.stqa.pft.adressbook.tests.AttachContactToGroupTest" time="26.486">
    <skipped/>
  </testcase>
  <system-out><![CDATA[00:54:21.374 [Test worker] INFO  r.stqa.pft.adressbook.tests.TestBase - Start test attachContactToGroupwith parameters []
Hibernate: select groupdata0_.group_id as group_id1_2_, groupdata0_.group_footer as group_fo2_2_, groupdata0_.group_header as group_he3_2_, groupdata0_.group_name as group_na4_2_ from group_list groupdata0_
Hibernate: select contactdat0_.id as id1_1_, contactdat0_.aday as aday2_1_, contactdat0_.address as address3_1_, contactdat0_.address2 as address4_1_, contactdat0_.amonth as amonth5_1_, contactdat0_.ayear as ayear6_1_, contactdat0_.bday as bday7_1_, contactdat0_.bmonth as bmonth8_1_, contactdat0_.byear as byear9_1_, contactdat0_.company as company10_1_, contactdat0_.email as email11_1_, contactdat0_.email2 as email12_1_, contactdat0_.email3 as email13_1_, contactdat0_.fax as fax14_1_, contactdat0_.firstname as firstna15_1_, contactdat0_.homepage as homepag16_1_, contactdat0_.home as home17_1_, contactdat0_.lastname as lastnam18_1_, contactdat0_.middlename as middlen19_1_, contactdat0_.mobile as mobile20_1_, contactdat0_.nickname as nicknam21_1_, contactdat0_.notes as notes22_1_, contactdat0_.photo as photo23_1_, contactdat0_.title as title24_1_, contactdat0_.work as work25_1_ from addressbook contactdat0_ where deprecated='0000-00-00'
Hibernate: select groups0_.id as id1_0_0_, groups0_.group_id as group_id2_0_0_, groupdata1_.group_id as group_id1_2_1_, groupdata1_.group_footer as group_fo2_2_1_, groupdata1_.group_header as group_he3_2_1_, groupdata1_.group_name as group_na4_2_1_ from address_in_groups groups0_ inner join group_list groupdata1_ on groups0_.group_id=groupdata1_.group_id where groups0_.id=?
Hibernate: select groups0_.id as id1_0_0_, groups0_.group_id as group_id2_0_0_, groupdata1_.group_id as group_id1_2_1_, groupdata1_.group_footer as group_fo2_2_1_, groupdata1_.group_header as group_he3_2_1_, groupdata1_.group_name as group_na4_2_1_ from address_in_groups groups0_ inner join group_list groupdata1_ on groups0_.group_id=groupdata1_.group_id where groups0_.id=?
Hibernate: select groupdata0_.group_id as group_id1_2_, groupdata0_.group_footer as group_fo2_2_, groupdata0_.group_header as group_he3_2_, groupdata0_.group_name as group_na4_2_ from group_list groupdata0_
Hibernate: select contactdat0_.id as id1_1_, contactdat0_.aday as aday2_1_, contactdat0_.address as address3_1_, contactdat0_.address2 as address4_1_, contactdat0_.amonth as amonth5_1_, contactdat0_.ayear as ayear6_1_, contactdat0_.bday as bday7_1_, contactdat0_.bmonth as bmonth8_1_, contactdat0_.byear as byear9_1_, contactdat0_.company as company10_1_, contactdat0_.email as email11_1_, contactdat0_.email2 as email12_1_, contactdat0_.email3 as email13_1_, contactdat0_.fax as fax14_1_, contactdat0_.firstname as firstna15_1_, contactdat0_.homepage as homepag16_1_, contactdat0_.home as home17_1_, contactdat0_.lastname as lastnam18_1_, contactdat0_.middlename as middlen19_1_, contactdat0_.mobile as mobile20_1_, contactdat0_.nickname as nicknam21_1_, contactdat0_.notes as notes22_1_, contactdat0_.photo as photo23_1_, contactdat0_.title as title24_1_, contactdat0_.work as work25_1_ from addressbook contactdat0_ where deprecated='0000-00-00'
Hibernate: select groups0_.id as id1_0_0_, groups0_.group_id as group_id2_0_0_, groupdata1_.group_id as group_id1_2_1_, groupdata1_.group_footer as group_fo2_2_1_, groupdata1_.group_header as group_he3_2_1_, groupdata1_.group_name as group_na4_2_1_ from address_in_groups groups0_ inner join group_list groupdata1_ on groups0_.group_id=groupdata1_.group_id where groups0_.id=?
Hibernate: select groups0_.id as id1_0_0_, groups0_.group_id as group_id2_0_0_, groupdata1_.group_id as group_id1_2_1_, groupdata1_.group_footer as group_fo2_2_1_, groupdata1_.group_header as group_he3_2_1_, groupdata1_.group_name as group_na4_2_1_ from address_in_groups groups0_ inner join group_list groupdata1_ on groups0_.group_id=groupdata1_.group_id where groups0_.id=?
]]></system-out>
  <system-err><![CDATA[]]></system-err>
</testsuite>
