<?xml version="1.0" encoding="UTF-8"?>
<testsuite name="ru.stqa.pft.adressbook.tests.GroupModificationTests" tests="1" skipped="0" failures="0" errors="0" timestamp="2020-03-11T14:13:23" hostname="LAPTOP-7JK8B82K" time="0.885">
  <properties/>
  <testcase name="testGroupModification" classname="ru.stqa.pft.adressbook.tests.GroupModificationTests" time="0.885"/>
  <system-out><![CDATA[]]></system-out>
  <system-err><![CDATA[]]></system-err>
</testsuite>
