<?xml version="1.0" encoding="UTF-8"?>
<testsuite name="ru.stqa.pft.adressbook.tests.ContactDeletionTests" tests="1" skipped="0" failures="0" errors="0" timestamp="2020-03-10T09:45:06" hostname="LAPTOP-7JK8B82K" time="0.463">
  <properties/>
  <testcase name="testContactDeletion" classname="ru.stqa.pft.adressbook.tests.ContactDeletionTests" time="0.463"/>
  <system-out><![CDATA[]]></system-out>
  <system-err><![CDATA[]]></system-err>
</testsuite>
